2012-07-30 21:59:07,169 [6] Orchard.ContentManagement.DefaultContentManager - NullReferenceException thrown from IContentHandler by Orchard.Blogs.Handlers.BlogPostPartHandler
System.NullReferenceException: Object reference not set to an instance of an object.
   at Orchard.Blogs.Handlers.BlogPostPartHandler.GetItemMetadata(GetContentItemMetadataContext context)
   at Orchard.ContentManagement.Handlers.ContentHandler.Orchard.ContentManagement.Handlers.IContentHandler.GetContentItemMetadata(GetContentItemMetadataContext context) in d:\Builds\OrchardFull\src\Orchard\ContentManagement\Handlers\ContentHandler.cs:line 333
   at Orchard.InvokeExtensions.Invoke[TEvents](IEnumerable`1 events, Action`1 dispatch, ILogger logger) in d:\Builds\OrchardFull\src\Orchard\InvokeExtensions.cs:line 19
2012-07-30 22:00:40,178 [6] Orchard.ContentManagement.DefaultContentManager - NullReferenceException thrown from IContentHandler by Orchard.Blogs.Handlers.BlogPostPartHandler
System.NullReferenceException: Object reference not set to an instance of an object.
   at Orchard.Blogs.Handlers.BlogPostPartHandler.GetItemMetadata(GetContentItemMetadataContext context)
   at Orchard.ContentManagement.Handlers.ContentHandler.Orchard.ContentManagement.Handlers.IContentHandler.GetContentItemMetadata(GetContentItemMetadataContext context) in d:\Builds\OrchardFull\src\Orchard\ContentManagement\Handlers\ContentHandler.cs:line 333
   at Orchard.InvokeExtensions.Invoke[TEvents](IEnumerable`1 events, Action`1 dispatch, ILogger logger) in d:\Builds\OrchardFull\src\Orchard\InvokeExtensions.cs:line 19
2012-07-30 22:01:49,927 [6] Orchard.ContentManagement.DefaultContentManager - NullReferenceException thrown from IContentHandler by Orchard.Blogs.Handlers.BlogPostPartHandler
System.NullReferenceException: Object reference not set to an instance of an object.
   at Orchard.Blogs.Handlers.BlogPostPartHandler.GetItemMetadata(GetContentItemMetadataContext context)
   at Orchard.ContentManagement.Handlers.ContentHandler.Orchard.ContentManagement.Handlers.IContentHandler.GetContentItemMetadata(GetContentItemMetadataContext context) in d:\Builds\OrchardFull\src\Orchard\ContentManagement\Handlers\ContentHandler.cs:line 333
   at Orchard.InvokeExtensions.Invoke[TEvents](IEnumerable`1 events, Action`1 dispatch, ILogger logger) in d:\Builds\OrchardFull\src\Orchard\InvokeExtensions.cs:line 19
2012-07-30 22:01:58,663 [17] Orchard.ContentManagement.DefaultContentManager - NullReferenceException thrown from IContentHandler by Orchard.Blogs.Handlers.BlogPostPartHandler
System.NullReferenceException: Object reference not set to an instance of an object.
   at Orchard.Blogs.Handlers.BlogPostPartHandler.GetItemMetadata(GetContentItemMetadataContext context)
   at Orchard.ContentManagement.Handlers.ContentHandler.Orchard.ContentManagement.Handlers.IContentHandler.GetContentItemMetadata(GetContentItemMetadataContext context) in d:\Builds\OrchardFull\src\Orchard\ContentManagement\Handlers\ContentHandler.cs:line 333
   at Orchard.InvokeExtensions.Invoke[TEvents](IEnumerable`1 events, Action`1 dispatch, ILogger logger) in d:\Builds\OrchardFull\src\Orchard\InvokeExtensions.cs:line 19
2012-07-30 22:03:16,259 [6] Orchard.ContentManagement.DefaultContentManager - NullReferenceException thrown from IContentHandler by Orchard.Blogs.Handlers.BlogPostPartHandler
System.NullReferenceException: Object reference not set to an instance of an object.
   at Orchard.Blogs.Handlers.BlogPostPartHandler.GetItemMetadata(GetContentItemMetadataContext context)
   at Orchard.ContentManagement.Handlers.ContentHandler.Orchard.ContentManagement.Handlers.IContentHandler.GetContentItemMetadata(GetContentItemMetadataContext context) in d:\Builds\OrchardFull\src\Orchard\ContentManagement\Handlers\ContentHandler.cs:line 333
   at Orchard.InvokeExtensions.Invoke[TEvents](IEnumerable`1 events, Action`1 dispatch, ILogger logger) in d:\Builds\OrchardFull\src\Orchard\InvokeExtensions.cs:line 19
