2012-06-26 23:27:38,759 [14] Orchard.ContentManagement.DefaultContentManager - NullReferenceException thrown from IContentHandler by Orchard.Blogs.Handlers.BlogPostPartHandler
System.NullReferenceException: Object reference not set to an instance of an object.
   at Orchard.Blogs.Handlers.BlogPostPartHandler.GetItemMetadata(GetContentItemMetadataContext context)
   at Orchard.ContentManagement.Handlers.ContentHandler.Orchard.ContentManagement.Handlers.IContentHandler.GetContentItemMetadata(GetContentItemMetadataContext context) in d:\Builds\OrchardFull\src\Orchard\ContentManagement\Handlers\ContentHandler.cs:line 333
   at Orchard.ContentManagement.DefaultContentManager.<>c__DisplayClass5e.<GetItemMetadata>b__5d(IContentHandler handler) in d:\Builds\OrchardFull\src\Orchard\ContentManagement\DefaultContentManager.cs:line 496
   at Orchard.InvokeExtensions.Invoke[TEvents](IEnumerable`1 events, Action`1 dispatch, ILogger logger) in d:\Builds\OrchardFull\src\Orchard\InvokeExtensions.cs:line 19
2012-06-26 23:27:38,876 [14] Orchard.ContentManagement.DefaultContentManager - NullReferenceException thrown from IContentHandler by Orchard.Blogs.Handlers.BlogPostPartHandler
System.NullReferenceException: Object reference not set to an instance of an object.
   at Orchard.Blogs.Handlers.BlogPostPartHandler.GetItemMetadata(GetContentItemMetadataContext context)
   at Orchard.ContentManagement.Handlers.ContentHandler.Orchard.ContentManagement.Handlers.IContentHandler.GetContentItemMetadata(GetContentItemMetadataContext context) in d:\Builds\OrchardFull\src\Orchard\ContentManagement\Handlers\ContentHandler.cs:line 333
   at Orchard.ContentManagement.DefaultContentManager.<>c__DisplayClass5e.<GetItemMetadata>b__5d(IContentHandler handler) in d:\Builds\OrchardFull\src\Orchard\ContentManagement\DefaultContentManager.cs:line 496
   at Orchard.InvokeExtensions.Invoke[TEvents](IEnumerable`1 events, Action`1 dispatch, ILogger logger) in d:\Builds\OrchardFull\src\Orchard\InvokeExtensions.cs:line 19
2012-06-26 23:27:38,903 [14] Orchard.ContentManagement.DefaultContentManager - NullReferenceException thrown from IContentHandler by Orchard.Blogs.Handlers.BlogPostPartHandler
System.NullReferenceException: Object reference not set to an instance of an object.
   at Orchard.Blogs.Handlers.BlogPostPartHandler.GetItemMetadata(GetContentItemMetadataContext context)
   at Orchard.ContentManagement.Handlers.ContentHandler.Orchard.ContentManagement.Handlers.IContentHandler.GetContentItemMetadata(GetContentItemMetadataContext context) in d:\Builds\OrchardFull\src\Orchard\ContentManagement\Handlers\ContentHandler.cs:line 333
   at Orchard.ContentManagement.DefaultContentManager.<>c__DisplayClass5e.<GetItemMetadata>b__5d(IContentHandler handler) in d:\Builds\OrchardFull\src\Orchard\ContentManagement\DefaultContentManager.cs:line 496
   at Orchard.InvokeExtensions.Invoke[TEvents](IEnumerable`1 events, Action`1 dispatch, ILogger logger) in d:\Builds\OrchardFull\src\Orchard\InvokeExtensions.cs:line 19
2012-06-26 23:28:08,052 [7] Orchard.ContentManagement.DefaultContentManager - NullReferenceException thrown from IContentHandler by Orchard.Blogs.Handlers.BlogPostPartHandler
System.NullReferenceException: Object reference not set to an instance of an object.
   at Orchard.Blogs.Handlers.BlogPostPartHandler.GetItemMetadata(GetContentItemMetadataContext context)
   at Orchard.ContentManagement.Handlers.ContentHandler.Orchard.ContentManagement.Handlers.IContentHandler.GetContentItemMetadata(GetContentItemMetadataContext context) in d:\Builds\OrchardFull\src\Orchard\ContentManagement\Handlers\ContentHandler.cs:line 333
   at Orchard.ContentManagement.DefaultContentManager.<>c__DisplayClass5e.<GetItemMetadata>b__5d(IContentHandler handler) in d:\Builds\OrchardFull\src\Orchard\ContentManagement\DefaultContentManager.cs:line 496
   at Orchard.InvokeExtensions.Invoke[TEvents](IEnumerable`1 events, Action`1 dispatch, ILogger logger) in d:\Builds\OrchardFull\src\Orchard\InvokeExtensions.cs:line 19
2012-06-26 23:28:08,117 [7] Orchard.ContentManagement.DefaultContentManager - NullReferenceException thrown from IContentHandler by Orchard.Blogs.Handlers.BlogPostPartHandler
System.NullReferenceException: Object reference not set to an instance of an object.
   at Orchard.Blogs.Handlers.BlogPostPartHandler.GetItemMetadata(GetContentItemMetadataContext context)
   at Orchard.ContentManagement.Handlers.ContentHandler.Orchard.ContentManagement.Handlers.IContentHandler.GetContentItemMetadata(GetContentItemMetadataContext context) in d:\Builds\OrchardFull\src\Orchard\ContentManagement\Handlers\ContentHandler.cs:line 333
   at Orchard.ContentManagement.DefaultContentManager.<>c__DisplayClass5e.<GetItemMetadata>b__5d(IContentHandler handler) in d:\Builds\OrchardFull\src\Orchard\ContentManagement\DefaultContentManager.cs:line 496
   at Orchard.InvokeExtensions.Invoke[TEvents](IEnumerable`1 events, Action`1 dispatch, ILogger logger) in d:\Builds\OrchardFull\src\Orchard\InvokeExtensions.cs:line 19
2012-06-26 23:28:09,454 [7] Orchard.ContentManagement.DefaultContentManager - NullReferenceException thrown from IContentHandler by Orchard.Blogs.Handlers.BlogPostPartHandler
System.NullReferenceException: Object reference not set to an instance of an object.
   at Orchard.Blogs.Handlers.BlogPostPartHandler.GetItemMetadata(GetContentItemMetadataContext context)
   at Orchard.ContentManagement.Handlers.ContentHandler.Orchard.ContentManagement.Handlers.IContentHandler.GetContentItemMetadata(GetContentItemMetadataContext context) in d:\Builds\OrchardFull\src\Orchard\ContentManagement\Handlers\ContentHandler.cs:line 333
   at Orchard.ContentManagement.DefaultContentManager.<>c__DisplayClass5e.<GetItemMetadata>b__5d(IContentHandler handler) in d:\Builds\OrchardFull\src\Orchard\ContentManagement\DefaultContentManager.cs:line 496
   at Orchard.InvokeExtensions.Invoke[TEvents](IEnumerable`1 events, Action`1 dispatch, ILogger logger) in d:\Builds\OrchardFull\src\Orchard\InvokeExtensions.cs:line 19
2012-06-26 23:28:19,227 [14] Orchard.ContentManagement.DefaultContentManager - NullReferenceException thrown from IContentHandler by Orchard.Blogs.Handlers.BlogPostPartHandler
System.NullReferenceException: Object reference not set to an instance of an object.
   at Orchard.Blogs.Handlers.BlogPostPartHandler.GetItemMetadata(GetContentItemMetadataContext context)
   at Orchard.ContentManagement.Handlers.ContentHandler.Orchard.ContentManagement.Handlers.IContentHandler.GetContentItemMetadata(GetContentItemMetadataContext context) in d:\Builds\OrchardFull\src\Orchard\ContentManagement\Handlers\ContentHandler.cs:line 333
   at Orchard.ContentManagement.DefaultContentManager.<>c__DisplayClass5e.<GetItemMetadata>b__5d(IContentHandler handler) in d:\Builds\OrchardFull\src\Orchard\ContentManagement\DefaultContentManager.cs:line 496
   at Orchard.InvokeExtensions.Invoke[TEvents](IEnumerable`1 events, Action`1 dispatch, ILogger logger) in d:\Builds\OrchardFull\src\Orchard\InvokeExtensions.cs:line 19
2012-06-26 23:28:19,272 [14] Orchard.ContentManagement.DefaultContentManager - NullReferenceException thrown from IContentHandler by Orchard.Blogs.Handlers.BlogPostPartHandler
System.NullReferenceException: Object reference not set to an instance of an object.
   at Orchard.Blogs.Handlers.BlogPostPartHandler.GetItemMetadata(GetContentItemMetadataContext context)
   at Orchard.ContentManagement.Handlers.ContentHandler.Orchard.ContentManagement.Handlers.IContentHandler.GetContentItemMetadata(GetContentItemMetadataContext context) in d:\Builds\OrchardFull\src\Orchard\ContentManagement\Handlers\ContentHandler.cs:line 333
   at Orchard.ContentManagement.DefaultContentManager.<>c__DisplayClass5e.<GetItemMetadata>b__5d(IContentHandler handler) in d:\Builds\OrchardFull\src\Orchard\ContentManagement\DefaultContentManager.cs:line 496
   at Orchard.InvokeExtensions.Invoke[TEvents](IEnumerable`1 events, Action`1 dispatch, ILogger logger) in d:\Builds\OrchardFull\src\Orchard\InvokeExtensions.cs:line 19
2012-06-26 23:28:19,374 [14] Orchard.ContentManagement.DefaultContentManager - NullReferenceException thrown from IContentHandler by Orchard.Blogs.Handlers.BlogPostPartHandler
System.NullReferenceException: Object reference not set to an instance of an object.
   at Orchard.Blogs.Handlers.BlogPostPartHandler.GetItemMetadata(GetContentItemMetadataContext context)
   at Orchard.ContentManagement.Handlers.ContentHandler.Orchard.ContentManagement.Handlers.IContentHandler.GetContentItemMetadata(GetContentItemMetadataContext context) in d:\Builds\OrchardFull\src\Orchard\ContentManagement\Handlers\ContentHandler.cs:line 333
   at Orchard.ContentManagement.DefaultContentManager.<>c__DisplayClass5e.<GetItemMetadata>b__5d(IContentHandler handler) in d:\Builds\OrchardFull\src\Orchard\ContentManagement\DefaultContentManager.cs:line 496
   at Orchard.InvokeExtensions.Invoke[TEvents](IEnumerable`1 events, Action`1 dispatch, ILogger logger) in d:\Builds\OrchardFull\src\Orchard\InvokeExtensions.cs:line 19
2012-06-26 23:28:26,408 [16] Orchard.ContentManagement.DefaultContentManager - NullReferenceException thrown from IContentHandler by Orchard.Blogs.Handlers.BlogPostPartHandler
System.NullReferenceException: Object reference not set to an instance of an object.
   at Orchard.Blogs.Handlers.BlogPostPartHandler.GetItemMetadata(GetContentItemMetadataContext context)
   at Orchard.ContentManagement.Handlers.ContentHandler.Orchard.ContentManagement.Handlers.IContentHandler.GetContentItemMetadata(GetContentItemMetadataContext context) in d:\Builds\OrchardFull\src\Orchard\ContentManagement\Handlers\ContentHandler.cs:line 333
   at Orchard.ContentManagement.DefaultContentManager.<>c__DisplayClass5e.<GetItemMetadata>b__5d(IContentHandler handler) in d:\Builds\OrchardFull\src\Orchard\ContentManagement\DefaultContentManager.cs:line 496
   at Orchard.InvokeExtensions.Invoke[TEvents](IEnumerable`1 events, Action`1 dispatch, ILogger logger) in d:\Builds\OrchardFull\src\Orchard\InvokeExtensions.cs:line 19
2012-06-26 23:28:26,452 [16] Orchard.ContentManagement.DefaultContentManager - NullReferenceException thrown from IContentHandler by Orchard.Blogs.Handlers.BlogPostPartHandler
System.NullReferenceException: Object reference not set to an instance of an object.
   at Orchard.Blogs.Handlers.BlogPostPartHandler.GetItemMetadata(GetContentItemMetadataContext context)
   at Orchard.ContentManagement.Handlers.ContentHandler.Orchard.ContentManagement.Handlers.IContentHandler.GetContentItemMetadata(GetContentItemMetadataContext context) in d:\Builds\OrchardFull\src\Orchard\ContentManagement\Handlers\ContentHandler.cs:line 333
   at Orchard.ContentManagement.DefaultContentManager.<>c__DisplayClass5e.<GetItemMetadata>b__5d(IContentHandler handler) in d:\Builds\OrchardFull\src\Orchard\ContentManagement\DefaultContentManager.cs:line 496
   at Orchard.InvokeExtensions.Invoke[TEvents](IEnumerable`1 events, Action`1 dispatch, ILogger logger) in d:\Builds\OrchardFull\src\Orchard\InvokeExtensions.cs:line 19
2012-06-26 23:28:26,477 [16] Orchard.ContentManagement.DefaultContentManager - NullReferenceException thrown from IContentHandler by Orchard.Blogs.Handlers.BlogPostPartHandler
System.NullReferenceException: Object reference not set to an instance of an object.
   at Orchard.Blogs.Handlers.BlogPostPartHandler.GetItemMetadata(GetContentItemMetadataContext context)
   at Orchard.ContentManagement.Handlers.ContentHandler.Orchard.ContentManagement.Handlers.IContentHandler.GetContentItemMetadata(GetContentItemMetadataContext context) in d:\Builds\OrchardFull\src\Orchard\ContentManagement\Handlers\ContentHandler.cs:line 333
   at Orchard.ContentManagement.DefaultContentManager.<>c__DisplayClass5e.<GetItemMetadata>b__5d(IContentHandler handler) in d:\Builds\OrchardFull\src\Orchard\ContentManagement\DefaultContentManager.cs:line 496
   at Orchard.InvokeExtensions.Invoke[TEvents](IEnumerable`1 events, Action`1 dispatch, ILogger logger) in d:\Builds\OrchardFull\src\Orchard\InvokeExtensions.cs:line 19
2012-06-26 23:29:00,546 [16] Orchard.ContentManagement.DefaultContentManager - NullReferenceException thrown from IContentHandler by Orchard.Blogs.Handlers.BlogPostPartHandler
System.NullReferenceException: Object reference not set to an instance of an object.
   at Orchard.Blogs.Handlers.BlogPostPartHandler.GetItemMetadata(GetContentItemMetadataContext context)
   at Orchard.ContentManagement.Handlers.ContentHandler.Orchard.ContentManagement.Handlers.IContentHandler.GetContentItemMetadata(GetContentItemMetadataContext context) in d:\Builds\OrchardFull\src\Orchard\ContentManagement\Handlers\ContentHandler.cs:line 333
   at Orchard.ContentManagement.DefaultContentManager.<>c__DisplayClass5e.<GetItemMetadata>b__5d(IContentHandler handler) in d:\Builds\OrchardFull\src\Orchard\ContentManagement\DefaultContentManager.cs:line 496
   at Orchard.InvokeExtensions.Invoke[TEvents](IEnumerable`1 events, Action`1 dispatch, ILogger logger) in d:\Builds\OrchardFull\src\Orchard\InvokeExtensions.cs:line 19
2012-06-26 23:29:00,604 [16] Orchard.ContentManagement.DefaultContentManager - NullReferenceException thrown from IContentHandler by Orchard.Blogs.Handlers.BlogPostPartHandler
System.NullReferenceException: Object reference not set to an instance of an object.
   at Orchard.Blogs.Handlers.BlogPostPartHandler.GetItemMetadata(GetContentItemMetadataContext context)
   at Orchard.ContentManagement.Handlers.ContentHandler.Orchard.ContentManagement.Handlers.IContentHandler.GetContentItemMetadata(GetContentItemMetadataContext context) in d:\Builds\OrchardFull\src\Orchard\ContentManagement\Handlers\ContentHandler.cs:line 333
   at Orchard.ContentManagement.DefaultContentManager.<>c__DisplayClass5e.<GetItemMetadata>b__5d(IContentHandler handler) in d:\Builds\OrchardFull\src\Orchard\ContentManagement\DefaultContentManager.cs:line 496
   at Orchard.InvokeExtensions.Invoke[TEvents](IEnumerable`1 events, Action`1 dispatch, ILogger logger) in d:\Builds\OrchardFull\src\Orchard\InvokeExtensions.cs:line 19
2012-06-26 23:29:00,635 [16] Orchard.ContentManagement.DefaultContentManager - NullReferenceException thrown from IContentHandler by Orchard.Blogs.Handlers.BlogPostPartHandler
System.NullReferenceException: Object reference not set to an instance of an object.
   at Orchard.Blogs.Handlers.BlogPostPartHandler.GetItemMetadata(GetContentItemMetadataContext context)
   at Orchard.ContentManagement.Handlers.ContentHandler.Orchard.ContentManagement.Handlers.IContentHandler.GetContentItemMetadata(GetContentItemMetadataContext context) in d:\Builds\OrchardFull\src\Orchard\ContentManagement\Handlers\ContentHandler.cs:line 333
   at Orchard.ContentManagement.DefaultContentManager.<>c__DisplayClass5e.<GetItemMetadata>b__5d(IContentHandler handler) in d:\Builds\OrchardFull\src\Orchard\ContentManagement\DefaultContentManager.cs:line 496
   at Orchard.InvokeExtensions.Invoke[TEvents](IEnumerable`1 events, Action`1 dispatch, ILogger logger) in d:\Builds\OrchardFull\src\Orchard\InvokeExtensions.cs:line 19
2012-06-26 23:29:07,436 [14] Orchard.ContentManagement.DefaultContentManager - NullReferenceException thrown from IContentHandler by Orchard.Blogs.Handlers.BlogPostPartHandler
System.NullReferenceException: Object reference not set to an instance of an object.
   at Orchard.Blogs.Handlers.BlogPostPartHandler.GetItemMetadata(GetContentItemMetadataContext context)
   at Orchard.ContentManagement.Handlers.ContentHandler.Orchard.ContentManagement.Handlers.IContentHandler.GetContentItemMetadata(GetContentItemMetadataContext context) in d:\Builds\OrchardFull\src\Orchard\ContentManagement\Handlers\ContentHandler.cs:line 333
   at Orchard.ContentManagement.DefaultContentManager.<>c__DisplayClass5e.<GetItemMetadata>b__5d(IContentHandler handler) in d:\Builds\OrchardFull\src\Orchard\ContentManagement\DefaultContentManager.cs:line 496
   at Orchard.InvokeExtensions.Invoke[TEvents](IEnumerable`1 events, Action`1 dispatch, ILogger logger) in d:\Builds\OrchardFull\src\Orchard\InvokeExtensions.cs:line 19
2012-06-26 23:29:07,482 [14] Orchard.ContentManagement.DefaultContentManager - NullReferenceException thrown from IContentHandler by Orchard.Blogs.Handlers.BlogPostPartHandler
System.NullReferenceException: Object reference not set to an instance of an object.
   at Orchard.Blogs.Handlers.BlogPostPartHandler.GetItemMetadata(GetContentItemMetadataContext context)
   at Orchard.ContentManagement.Handlers.ContentHandler.Orchard.ContentManagement.Handlers.IContentHandler.GetContentItemMetadata(GetContentItemMetadataContext context) in d:\Builds\OrchardFull\src\Orchard\ContentManagement\Handlers\ContentHandler.cs:line 333
   at Orchard.ContentManagement.DefaultContentManager.<>c__DisplayClass5e.<GetItemMetadata>b__5d(IContentHandler handler) in d:\Builds\OrchardFull\src\Orchard\ContentManagement\DefaultContentManager.cs:line 496
   at Orchard.InvokeExtensions.Invoke[TEvents](IEnumerable`1 events, Action`1 dispatch, ILogger logger) in d:\Builds\OrchardFull\src\Orchard\InvokeExtensions.cs:line 19
2012-06-26 23:29:07,506 [14] Orchard.ContentManagement.DefaultContentManager - NullReferenceException thrown from IContentHandler by Orchard.Blogs.Handlers.BlogPostPartHandler
System.NullReferenceException: Object reference not set to an instance of an object.
   at Orchard.Blogs.Handlers.BlogPostPartHandler.GetItemMetadata(GetContentItemMetadataContext context)
   at Orchard.ContentManagement.Handlers.ContentHandler.Orchard.ContentManagement.Handlers.IContentHandler.GetContentItemMetadata(GetContentItemMetadataContext context) in d:\Builds\OrchardFull\src\Orchard\ContentManagement\Handlers\ContentHandler.cs:line 333
   at Orchard.ContentManagement.DefaultContentManager.<>c__DisplayClass5e.<GetItemMetadata>b__5d(IContentHandler handler) in d:\Builds\OrchardFull\src\Orchard\ContentManagement\DefaultContentManager.cs:line 496
   at Orchard.InvokeExtensions.Invoke[TEvents](IEnumerable`1 events, Action`1 dispatch, ILogger logger) in d:\Builds\OrchardFull\src\Orchard\InvokeExtensions.cs:line 19
2012-06-26 23:29:21,814 [7] Orchard.ContentManagement.DefaultContentManager - NullReferenceException thrown from IContentHandler by Orchard.Blogs.Handlers.BlogPostPartHandler
System.NullReferenceException: Object reference not set to an instance of an object.
   at Orchard.Blogs.Handlers.BlogPostPartHandler.GetItemMetadata(GetContentItemMetadataContext context)
   at Orchard.ContentManagement.Handlers.ContentHandler.Orchard.ContentManagement.Handlers.IContentHandler.GetContentItemMetadata(GetContentItemMetadataContext context) in d:\Builds\OrchardFull\src\Orchard\ContentManagement\Handlers\ContentHandler.cs:line 333
   at Orchard.ContentManagement.DefaultContentManager.<>c__DisplayClass5e.<GetItemMetadata>b__5d(IContentHandler handler) in d:\Builds\OrchardFull\src\Orchard\ContentManagement\DefaultContentManager.cs:line 496
   at Orchard.InvokeExtensions.Invoke[TEvents](IEnumerable`1 events, Action`1 dispatch, ILogger logger) in d:\Builds\OrchardFull\src\Orchard\InvokeExtensions.cs:line 19
2012-06-26 23:29:21,891 [7] Orchard.ContentManagement.DefaultContentManager - NullReferenceException thrown from IContentHandler by Orchard.Blogs.Handlers.BlogPostPartHandler
System.NullReferenceException: Object reference not set to an instance of an object.
   at Orchard.Blogs.Handlers.BlogPostPartHandler.GetItemMetadata(GetContentItemMetadataContext context)
   at Orchard.ContentManagement.Handlers.ContentHandler.Orchard.ContentManagement.Handlers.IContentHandler.GetContentItemMetadata(GetContentItemMetadataContext context) in d:\Builds\OrchardFull\src\Orchard\ContentManagement\Handlers\ContentHandler.cs:line 333
   at Orchard.ContentManagement.DefaultContentManager.<>c__DisplayClass5e.<GetItemMetadata>b__5d(IContentHandler handler) in d:\Builds\OrchardFull\src\Orchard\ContentManagement\DefaultContentManager.cs:line 496
   at Orchard.InvokeExtensions.Invoke[TEvents](IEnumerable`1 events, Action`1 dispatch, ILogger logger) in d:\Builds\OrchardFull\src\Orchard\InvokeExtensions.cs:line 19
2012-06-26 23:29:21,928 [7] Orchard.ContentManagement.DefaultContentManager - NullReferenceException thrown from IContentHandler by Orchard.Blogs.Handlers.BlogPostPartHandler
System.NullReferenceException: Object reference not set to an instance of an object.
   at Orchard.Blogs.Handlers.BlogPostPartHandler.GetItemMetadata(GetContentItemMetadataContext context)
   at Orchard.ContentManagement.Handlers.ContentHandler.Orchard.ContentManagement.Handlers.IContentHandler.GetContentItemMetadata(GetContentItemMetadataContext context) in d:\Builds\OrchardFull\src\Orchard\ContentManagement\Handlers\ContentHandler.cs:line 333
   at Orchard.ContentManagement.DefaultContentManager.<>c__DisplayClass5e.<GetItemMetadata>b__5d(IContentHandler handler) in d:\Builds\OrchardFull\src\Orchard\ContentManagement\DefaultContentManager.cs:line 496
   at Orchard.InvokeExtensions.Invoke[TEvents](IEnumerable`1 events, Action`1 dispatch, ILogger logger) in d:\Builds\OrchardFull\src\Orchard\InvokeExtensions.cs:line 19
2012-06-26 23:29:25,617 [7] Orchard.ContentManagement.DefaultContentManager - NullReferenceException thrown from IContentHandler by Orchard.Blogs.Handlers.BlogPostPartHandler
System.NullReferenceException: Object reference not set to an instance of an object.
   at Orchard.Blogs.Handlers.BlogPostPartHandler.GetItemMetadata(GetContentItemMetadataContext context)
   at Orchard.ContentManagement.Handlers.ContentHandler.Orchard.ContentManagement.Handlers.IContentHandler.GetContentItemMetadata(GetContentItemMetadataContext context) in d:\Builds\OrchardFull\src\Orchard\ContentManagement\Handlers\ContentHandler.cs:line 333
   at Orchard.ContentManagement.DefaultContentManager.<>c__DisplayClass5e.<GetItemMetadata>b__5d(IContentHandler handler) in d:\Builds\OrchardFull\src\Orchard\ContentManagement\DefaultContentManager.cs:line 496
   at Orchard.InvokeExtensions.Invoke[TEvents](IEnumerable`1 events, Action`1 dispatch, ILogger logger) in d:\Builds\OrchardFull\src\Orchard\InvokeExtensions.cs:line 19
2012-06-26 23:29:25,663 [7] Orchard.ContentManagement.DefaultContentManager - NullReferenceException thrown from IContentHandler by Orchard.Blogs.Handlers.BlogPostPartHandler
System.NullReferenceException: Object reference not set to an instance of an object.
   at Orchard.Blogs.Handlers.BlogPostPartHandler.GetItemMetadata(GetContentItemMetadataContext context)
   at Orchard.ContentManagement.Handlers.ContentHandler.Orchard.ContentManagement.Handlers.IContentHandler.GetContentItemMetadata(GetContentItemMetadataContext context) in d:\Builds\OrchardFull\src\Orchard\ContentManagement\Handlers\ContentHandler.cs:line 333
   at Orchard.ContentManagement.DefaultContentManager.<>c__DisplayClass5e.<GetItemMetadata>b__5d(IContentHandler handler) in d:\Builds\OrchardFull\src\Orchard\ContentManagement\DefaultContentManager.cs:line 496
   at Orchard.InvokeExtensions.Invoke[TEvents](IEnumerable`1 events, Action`1 dispatch, ILogger logger) in d:\Builds\OrchardFull\src\Orchard\InvokeExtensions.cs:line 19
2012-06-26 23:29:26,197 [7] Orchard.ContentManagement.DefaultContentManager - NullReferenceException thrown from IContentHandler by Orchard.Blogs.Handlers.BlogPostPartHandler
System.NullReferenceException: Object reference not set to an instance of an object.
   at Orchard.Blogs.Handlers.BlogPostPartHandler.GetItemMetadata(GetContentItemMetadataContext context)
   at Orchard.ContentManagement.Handlers.ContentHandler.Orchard.ContentManagement.Handlers.IContentHandler.GetContentItemMetadata(GetContentItemMetadataContext context) in d:\Builds\OrchardFull\src\Orchard\ContentManagement\Handlers\ContentHandler.cs:line 333
   at Orchard.ContentManagement.DefaultContentManager.<>c__DisplayClass5e.<GetItemMetadata>b__5d(IContentHandler handler) in d:\Builds\OrchardFull\src\Orchard\ContentManagement\DefaultContentManager.cs:line 496
   at Orchard.InvokeExtensions.Invoke[TEvents](IEnumerable`1 events, Action`1 dispatch, ILogger logger) in d:\Builds\OrchardFull\src\Orchard\InvokeExtensions.cs:line 19
2012-06-26 23:29:36,572 [7] Orchard.ContentManagement.DefaultContentManager - NullReferenceException thrown from IContentHandler by Orchard.Blogs.Handlers.BlogPostPartHandler
System.NullReferenceException: Object reference not set to an instance of an object.
   at Orchard.Blogs.Handlers.BlogPostPartHandler.GetItemMetadata(GetContentItemMetadataContext context)
   at Orchard.ContentManagement.Handlers.ContentHandler.Orchard.ContentManagement.Handlers.IContentHandler.GetContentItemMetadata(GetContentItemMetadataContext context) in d:\Builds\OrchardFull\src\Orchard\ContentManagement\Handlers\ContentHandler.cs:line 333
   at Orchard.ContentManagement.DefaultContentManager.<>c__DisplayClass5e.<GetItemMetadata>b__5d(IContentHandler handler) in d:\Builds\OrchardFull\src\Orchard\ContentManagement\DefaultContentManager.cs:line 496
   at Orchard.InvokeExtensions.Invoke[TEvents](IEnumerable`1 events, Action`1 dispatch, ILogger logger) in d:\Builds\OrchardFull\src\Orchard\InvokeExtensions.cs:line 19
2012-06-26 23:29:36,665 [7] Orchard.ContentManagement.DefaultContentManager - NullReferenceException thrown from IContentHandler by Orchard.Blogs.Handlers.BlogPostPartHandler
System.NullReferenceException: Object reference not set to an instance of an object.
   at Orchard.Blogs.Handlers.BlogPostPartHandler.GetItemMetadata(GetContentItemMetadataContext context)
   at Orchard.ContentManagement.Handlers.ContentHandler.Orchard.ContentManagement.Handlers.IContentHandler.GetContentItemMetadata(GetContentItemMetadataContext context) in d:\Builds\OrchardFull\src\Orchard\ContentManagement\Handlers\ContentHandler.cs:line 333
   at Orchard.ContentManagement.DefaultContentManager.<>c__DisplayClass5e.<GetItemMetadata>b__5d(IContentHandler handler) in d:\Builds\OrchardFull\src\Orchard\ContentManagement\DefaultContentManager.cs:line 496
   at Orchard.InvokeExtensions.Invoke[TEvents](IEnumerable`1 events, Action`1 dispatch, ILogger logger) in d:\Builds\OrchardFull\src\Orchard\InvokeExtensions.cs:line 19
2012-06-26 23:29:36,733 [7] Orchard.ContentManagement.DefaultContentManager - NullReferenceException thrown from IContentHandler by Orchard.Blogs.Handlers.BlogPostPartHandler
System.NullReferenceException: Object reference not set to an instance of an object.
   at Orchard.Blogs.Handlers.BlogPostPartHandler.GetItemMetadata(GetContentItemMetadataContext context)
   at Orchard.ContentManagement.Handlers.ContentHandler.Orchard.ContentManagement.Handlers.IContentHandler.GetContentItemMetadata(GetContentItemMetadataContext context) in d:\Builds\OrchardFull\src\Orchard\ContentManagement\Handlers\ContentHandler.cs:line 333
   at Orchard.ContentManagement.DefaultContentManager.<>c__DisplayClass5e.<GetItemMetadata>b__5d(IContentHandler handler) in d:\Builds\OrchardFull\src\Orchard\ContentManagement\DefaultContentManager.cs:line 496
   at Orchard.InvokeExtensions.Invoke[TEvents](IEnumerable`1 events, Action`1 dispatch, ILogger logger) in d:\Builds\OrchardFull\src\Orchard\InvokeExtensions.cs:line 19
2012-06-26 23:29:37,406 [7] Orchard.ContentManagement.DefaultContentManager - NullReferenceException thrown from IContentHandler by Orchard.Blogs.Handlers.BlogPostPartHandler
System.NullReferenceException: Object reference not set to an instance of an object.
   at Orchard.Blogs.Handlers.BlogPostPartHandler.GetItemMetadata(GetContentItemMetadataContext context)
   at Orchard.ContentManagement.Handlers.ContentHandler.Orchard.ContentManagement.Handlers.IContentHandler.GetContentItemMetadata(GetContentItemMetadataContext context) in d:\Builds\OrchardFull\src\Orchard\ContentManagement\Handlers\ContentHandler.cs:line 333
   at Orchard.ContentManagement.DefaultContentManager.<>c__DisplayClass5e.<GetItemMetadata>b__5d(IContentHandler handler) in d:\Builds\OrchardFull\src\Orchard\ContentManagement\DefaultContentManager.cs:line 496
   at Orchard.InvokeExtensions.Invoke[TEvents](IEnumerable`1 events, Action`1 dispatch, ILogger logger) in d:\Builds\OrchardFull\src\Orchard\InvokeExtensions.cs:line 19
